<?xml version="1.0" encoding="utf-8"?><testsuites name="pytest tests"><testsuite name="pytest" errors="0" failures="0" skipped="0" tests="5" time="0.180" timestamp="2025-12-26T16:33:33.195657-03:00" hostname="jpa-ntayrys"><testcase classname="tests.test_bytebank.TestClass" name="test_quando_idade_recebe_13_03_200_retornar_25" time="0.003" /><testcase classname="tests.test_bytebank.TestClass" name="test_quando_sobrenome_recebe_Ayryslaine_Leal_deve_retornar_Carvalho" time="0.001" /><testcase classname="tests.test_bytebank.TestClass" name="test_quando_decrescimo_salario_recebe_100000_deve_retornar_90000" time="0.002" /><testcase classname="tests.test_bytebank.TestClass" name="test_quando_calcular_bonus_recebe_1000_deve_retornar_100" time="0.001" /><testcase classname="tests.test_bytebank.TestClass" name="test_quando_calcular_bonus_recebe_mais_que_1000_deve_retornar_exception" time="0.005" /></testsuite></testsuites>